<?xml version="1.0" encoding="UTF-8"?>
<testsuite name="TestSuite" time="0.09" tests="30" errors="0" skipped="0" failures="0">
  <properties>
[...]
</properties>
  <testcase name="testMainMethod on testMainMethod(se.nackademin.examination.examination_jacoco.MainTest)" classname="se.nackademin.examination.examination_jacoco.MainTest" time="0.006"/>
  <testcase name="testMethodRun10 on testMethodRun10(se.nackademin.examination.examination_jacoco.GameTest)" classname="se.nackademin.examination.examination_jacoco.GameTest" time="0.014"/>
  <testcase name="testMethodRun11 on testMethodRun11(se.nackademin.examination.examination_jacoco.GameTest)" classname="se.nackademin.examination.examination_jacoco.GameTest" time="0.012"/>
  <testcase name="testMethodRun12 on testMethodRun12(se.nackademin.examination.examination_jacoco.GameTest)" classname="se.nackademin.examination.examination_jacoco.GameTest" time="0.004"/>
  <testcase name="testMethodRun2 on testMethodRun2(se.nackademin.examination.examination_jacoco.GameTest)" classname="se.nackademin.examination.examination_jacoco.GameTest" time="0.007"/>
  <testcase name="testMethodRun3 on testMethodRun3(se.nackademin.examination.examination_jacoco.GameTest)" classname="se.nackademin.examination.examination_jacoco.GameTest" time="0.002"/>
  <testcase name="testMethodRun4 on testMethodRun4(se.nackademin.examination.examination_jacoco.GameTest)" classname="se.nackademin.examination.examination_jacoco.GameTest" time="0.003"/>
  <testcase name="testMethodRun5 on testMethodRun5(se.nackademin.examination.examination_jacoco.GameTest)" classname="se.nackademin.examination.examination_jacoco.GameTest" time="0"/>
  <testcase name="testMethodRun6 on testMethodRun6(se.nackademin.examination.examination_jacoco.GameTest)" classname="se.nackademin.examination.examination_jacoco.GameTest" time="0.001"/>
  <testcase name="testMethodRun7 on testMethodRun7(se.nackademin.examination.examination_jacoco.GameTest)" classname="se.nackademin.examination.examination_jacoco.GameTest" time="0.008"/>
  <testcase name="testMethodRun8 on testMethodRun8(se.nackademin.examination.examination_jacoco.GameTest)" classname="se.nackademin.examination.examination_jacoco.GameTest" time="0.005"/>
  <testcase name="testMethodRun9 on testMethodRun9(se.nackademin.examination.examination_jacoco.GameTest)" classname="se.nackademin.examination.examination_jacoco.GameTest" time="0.002"/>
  <testcase name="testMethodRun on testMethodRun(se.nackademin.examination.examination_jacoco.GameTest)" classname="se.nackademin.examination.examination_jacoco.GameTest" time="0.001"/>
  <testcase name="testMethod1 on testMethod1(se.nackademin.examination.examination_jacoco.GameTest)" classname="se.nackademin.examination.examination_jacoco.GameTest" time="0.001"/>
  <testcase name="testSetAgeConverterArrayValues on testSetAgeConverterArrayValues(se.nackademin.examination.examination_jacoco.ConversorTest)" classname="se.nackademin.examination.examination_jacoco.ConversorTest" time="0.001"/>
  <testcase name="testGetGenderConverterArray on testGetGenderConverterArray(se.nackademin.examination.examination_jacoco.ConversorTest)" classname="se.nackademin.examination.examination_jacoco.ConversorTest" time="0.001"/>
  <testcase name="testSetCityConverterArrayValues on testSetCityConverterArrayValues(se.nackademin.examination.examination_jacoco.ConversorTest)" classname="se.nackademin.examination.examination_jacoco.ConversorTest" time="0.004"/>
  <testcase name="testConversor on testConversor(se.nackademin.examination.examination_jacoco.ConversorTest)" classname="se.nackademin.examination.examination_jacoco.ConversorTest" time="0.006"/>
  <testcase name="testgetAgeConverterArray on testgetAgeConverterArray(se.nackademin.examination.examination_jacoco.ConversorTest)" classname="se.nackademin.examination.examination_jacoco.ConversorTest" time="0.001"/>
  <testcase name="testSetGenderConverterArrayValue on testSetGenderConverterArrayValue(se.nackademin.examination.examination_jacoco.ConversorTest)" classname="se.nackademin.examination.examination_jacoco.ConversorTest" time="0.001"/>
  <testcase name="testGenderGettersAndSettersMethods on testGenderGettersAndSettersMethods(se.nackademin.examination.examination_jacoco.ResultsFromInputsTest)" classname="se.nackademin.examination.examination_jacoco.ResultsFromInputsTest" time="0.001"/>
  <testcase name="testHomeCityGettersAndSettersMethods on testHomeCityGettersAndSettersMethods(se.nackademin.examination.examination_jacoco.ResultsFromInputsTest)" classname="se.nackademin.examination.examination_jacoco.ResultsFromInputsTest" time="0.001"/>
  <testcase name="testAgeGettersAndSettersMethods on testAgeGettersAndSettersMethods(se.nackademin.examination.examination_jacoco.ResultsFromInputsTest)" classname="se.nackademin.examination.examination_jacoco.ResultsFromInputsTest" time="0.005"/>
  <testcase name="testNameLenghtGettersAndSettersMethods on testNameLenghtGettersAndSettersMethods(se.nackademin.examination.examination_jacoco.ResultsFromInputsTest)" classname="se.nackademin.examination.examination_jacoco.ResultsFromInputsTest" time="0"/>
  <testcase name="test1 on test1(se.nackademin.examination.examination_jacoco.DataAnalysisTest)" classname="se.nackademin.examination.examination_jacoco.DataAnalysisTest" time="0.001"/>
  <testcase name="test2 on test2(se.nackademin.examination.examination_jacoco.DataAnalysisTest)" classname="se.nackademin.examination.examination_jacoco.DataAnalysisTest" time="0.001"/>
  <testcase name="test3 on test3(se.nackademin.examination.examination_jacoco.DataAnalysisTest)" classname="se.nackademin.examination.examination_jacoco.DataAnalysisTest" time="0"/>
  <testcase name="test4 on test4(se.nackademin.examination.examination_jacoco.DataAnalysisTest)" classname="se.nackademin.examination.examination_jacoco.DataAnalysisTest" time="0"/>
  <testcase name="test5 on test5(se.nackademin.examination.examination_jacoco.DataAnalysisTest)" classname="se.nackademin.examination.examination_jacoco.DataAnalysisTest" time="0"/>
  <testcase name="test6 on test6(se.nackademin.examination.examination_jacoco.DataAnalysisTest)" classname="se.nackademin.examination.examination_jacoco.DataAnalysisTest" time="0.001"/>
</testsuite>